Arguments: 
  /data/data/com.termux/files/usr/bin/node /data/data/com.termux/files/usr/bin/yarn install

PATH: 
  /data/data/com.termux/files/usr/libexec/openjdk-17/bin:/data/data/com.termux/files/usr/bin

Yarn version: 
  1.22.19

Node version: 
  19.6.1

Platform: 
  android arm64

Trace: 
  Error: read ECONNABORTED
      at TLSWrap.onStreamRead (node:internal/stream_base_commons:217:20)

npm manifest: 
  {
    "name": "theapp",
    "version": "1.0.0",
    "main": "node_modules/expo/AppEntry.js",
    "scripts": {
      "start": "expo start",
      "android": "expo start --android",
      "ios": "expo start --ios",
      "web": "expo start --web"
    },
    "dependencies": {
      "expo": "~48.0.15",
      "expo-status-bar": "~1.4.4",
      "react": "18.2.0",
      "react-native": "0.71.7"
    },
    "devDependencies": {
      "@babel/core": "^7.20.0"
    },
    "private": true
  }

yarn manifest: 
  No manifest

Lockfile: 
  No lockfile
